slurmstepd: info: Setting TMPDIR to /scratch/4850258. Previous errors about TMPDIR can be discarded
Python: /mnt/netapp2/Store_uni/home/ulc/cursos/curso396/miniconda3/envs/trading_env/bin/python
Conda env: trading_env
✓ Dependencias disponibles
==============================================
SLURM Job: 4850258
Nodo: ilk-115
CPUs: 64
Memoria: 32768 MB
==============================================
Grupo: crypto_10
Estrategia: bollinger_b2b
Permutaciones: 1000
Workers: 64
==============================================


==============================================
Job completado: Tue Jan 27 06:00:27 AM CET 2026
==============================================

*****************************************************************************
*                                                                           *
*                    JOB EFFICIENCY REPORT (seff 4850258)                   *
*                                                                           *
*****************************************************************************

Job ID: 4850258
Cluster: finisterrae3
User/Group: curso396/ulc
State: COMPLETED (exit code 0)
Nodes: 1
Cores per node: 64
CPU Utilized: 00:00:17
CPU Efficiency: 5.31% of 00:05:20 core-walltime
Job Wall-clock time: 00:00:05
Memory Utilized: 1.05 MB
Memory Efficiency: 0.00% of 32.00 GB

 +++++++++++++++++++++++++++++++++++++++++++++++++++++++++++++++++++++++++++
 ++   Memory Efficiency is too small. Please review the requested memory. ++
 ++ It seems that you do not need that much memory so we recommend        ++
 ++ requesting less memory in other similar jobs.                         ++
 +++++++++++++++++++++++++++++++++++++++++++++++++++++++++++++++++++++++++++
 
*****************************************************************************

