slurmstepd: info: Setting TMPDIR to /scratch/4818913. Previous errors about TMPDIR can be discarded
Python: /mnt/netapp2/Store_uni/home/ulc/cursos/curso396/miniconda3/envs/trading_env/bin/python
Conda env: trading_env
✓ Dependencias disponibles
==============================================
SLURM Job: 4818913
Nodo: ilk-187
CPUs: 64
Memoria: 32768 MB
==============================================
Grupo: crypto_10
Estrategia: hawkes
Permutaciones: 1000
Workers: 64
==============================================


======================================================================
MCPT IN-SAMPLE ANALYSIS
======================================================================

Estrategia cargada: hawkes

Cargando datos de BTC...
  Rango disponible: 17/08/2017 - 25/01/2026
  Datos cargados: 73,865 velas
  Desde: 2017-08-17 04:00:00
  Hasta: 2026-01-25 04:00:00

Configuración:
  Workers:       64
  Permutaciones: 1000
======================================================================

Ejecutando optimización in-sample...
  Best Parameters: [0.125, 120]
  Best PF:         1.0613
======================================================================

Ejecutando MCPT con 1000 permutaciones...
  Resultados guardados: /mnt/netapp2/Home_FT2/home/ulc/cursos/curso396/Trading-system/outputs/backtest/results/hawkes/BTC_insample_results.json

======================================================================
RESUMEN MCPT IN-SAMPLE
======================================================================
  Ticker:            BTC
  Estrategia:        hawkes
  Período:           2017-08-17 04:00:00 - 2026-01-25 04:00:00
  Velas:             73,865
  Permutaciones:     1000
  Best Parameters:   [0.125, 120]
  Real PF:           1.0613
  P-Value:           0.0030
  Significativo (p < 0.05)
======================================================================

Generando gráficos...
  Histograma: /mnt/netapp2/Home_FT2/home/ulc/cursos/curso396/Trading-system/outputs/backtest/figures/hawkes/BTC_insample_mcpt.png
  Generando gráfico de cumulative returns...
  Cumulative: /mnt/netapp2/Home_FT2/home/ulc/cursos/curso396/Trading-system/outputs/backtest/figures/hawkes/BTC_insample_cumulative.png

======================================================================
ANÁLISIS COMPLETADO
======================================================================
  Tiempo total: 91.6s
  Velocidad:    10.9 tareas/s

======================================================================
MCPT IN-SAMPLE ANALYSIS
======================================================================

Estrategia cargada: hawkes

Cargando datos de ETH...
  Rango disponible: 17/08/2017 - 25/01/2026
  Datos cargados: 73,865 velas
  Desde: 2017-08-17 04:00:00
  Hasta: 2026-01-25 04:00:00

Configuración:
  Workers:       64
  Permutaciones: 1000
======================================================================

Ejecutando optimización in-sample...
  Best Parameters: [0.125, 96]
  Best PF:         1.0312
======================================================================

Ejecutando MCPT con 1000 permutaciones...
  Resultados guardados: /mnt/netapp2/Home_FT2/home/ulc/cursos/curso396/Trading-system/outputs/backtest/results/hawkes/ETH_insample_results.json

======================================================================
RESUMEN MCPT IN-SAMPLE
======================================================================
  Ticker:            ETH
  Estrategia:        hawkes
  Período:           2017-08-17 04:00:00 - 2026-01-25 04:00:00
  Velas:             73,865
  Permutaciones:     1000
  Best Parameters:   [0.125, 96]
  Real PF:           1.0312
  P-Value:           0.1050
  NO significativo (p >= 0.05)
======================================================================

Generando gráficos...
  Histograma: /mnt/netapp2/Home_FT2/home/ulc/cursos/curso396/Trading-system/outputs/backtest/figures/hawkes/ETH_insample_mcpt.png
  Generando gráfico de cumulative returns...
  Cumulative: /mnt/netapp2/Home_FT2/home/ulc/cursos/curso396/Trading-system/outputs/backtest/figures/hawkes/ETH_insample_cumulative.png

======================================================================
ANÁLISIS COMPLETADO
======================================================================
  Tiempo total: 95.0s
  Velocidad:    10.5 tareas/s

======================================================================
MCPT IN-SAMPLE ANALYSIS
======================================================================

Estrategia cargada: hawkes

Cargando datos de BNB...
  Rango disponible: 06/11/2017 - 25/01/2026
  Datos cargados: 71,928 velas
  Desde: 2017-11-06 03:00:00
  Hasta: 2026-01-25 04:00:00

Configuración:
  Workers:       64
  Permutaciones: 1000
======================================================================

Ejecutando optimización in-sample...
  Best Parameters: [0.125, 120]
  Best PF:         1.0306
======================================================================

Ejecutando MCPT con 1000 permutaciones...
  Resultados guardados: /mnt/netapp2/Home_FT2/home/ulc/cursos/curso396/Trading-system/outputs/backtest/results/hawkes/BNB_insample_results.json

======================================================================
RESUMEN MCPT IN-SAMPLE
======================================================================
  Ticker:            BNB
  Estrategia:        hawkes
  Período:           2017-11-06 03:00:00 - 2026-01-25 04:00:00
  Velas:             71,928
  Permutaciones:     1000
  Best Parameters:   [0.125, 120]
  Real PF:           1.0306
  P-Value:           0.1310
  NO significativo (p >= 0.05)
======================================================================

Generando gráficos...
  Histograma: /mnt/netapp2/Home_FT2/home/ulc/cursos/curso396/Trading-system/outputs/backtest/figures/hawkes/BNB_insample_mcpt.png
  Generando gráfico de cumulative returns...
  Cumulative: /mnt/netapp2/Home_FT2/home/ulc/cursos/curso396/Trading-system/outputs/backtest/figures/hawkes/BNB_insample_cumulative.png

======================================================================
ANÁLISIS COMPLETADO
======================================================================
  Tiempo total: 90.0s
  Velocidad:    11.1 tareas/s

======================================================================
MCPT IN-SAMPLE ANALYSIS
======================================================================

Estrategia cargada: hawkes

Cargando datos de SOL...
  Rango disponible: 11/08/2020 - 25/01/2026
  Datos cargados: 47,811 velas
  Desde: 2020-08-11 06:00:00
  Hasta: 2026-01-25 04:00:00

Configuración:
  Workers:       64
  Permutaciones: 1000
======================================================================

Ejecutando optimización in-sample...
  Best Parameters: [0.125, 168]
  Best PF:         1.0449
======================================================================

Ejecutando MCPT con 1000 permutaciones...
  Resultados guardados: /mnt/netapp2/Home_FT2/home/ulc/cursos/curso396/Trading-system/outputs/backtest/results/hawkes/SOL_insample_results.json

======================================================================
RESUMEN MCPT IN-SAMPLE
======================================================================
  Ticker:            SOL
  Estrategia:        hawkes
  Período:           2020-08-11 06:00:00 - 2026-01-25 04:00:00
  Velas:             47,811
  Permutaciones:     1000
  Best Parameters:   [0.125, 168]
  Real PF:           1.0449
  P-Value:           0.0420
  Significativo (p < 0.05)
======================================================================

Generando gráficos...
  Histograma: /mnt/netapp2/Home_FT2/home/ulc/cursos/curso396/Trading-system/outputs/backtest/figures/hawkes/SOL_insample_mcpt.png
  Generando gráfico de cumulative returns...
  Cumulative: /mnt/netapp2/Home_FT2/home/ulc/cursos/curso396/Trading-system/outputs/backtest/figures/hawkes/SOL_insample_cumulative.png

======================================================================
ANÁLISIS COMPLETADO
======================================================================
  Tiempo total: 60.3s
  Velocidad:    16.6 tareas/s

======================================================================
MCPT IN-SAMPLE ANALYSIS
======================================================================

Estrategia cargada: hawkes

Cargando datos de XRP...
  Rango disponible: 04/05/2018 - 25/01/2026
  Datos cargados: 67,661 velas
  Desde: 2018-05-04 08:00:00
  Hasta: 2026-01-25 04:00:00

Configuración:
  Workers:       64
  Permutaciones: 1000
======================================================================

Ejecutando optimización in-sample...
  Best Parameters: [0.125, 169]
  Best PF:         1.0362
======================================================================

Ejecutando MCPT con 1000 permutaciones...
  Resultados guardados: /mnt/netapp2/Home_FT2/home/ulc/cursos/curso396/Trading-system/outputs/backtest/results/hawkes/XRP_insample_results.json

======================================================================
RESUMEN MCPT IN-SAMPLE
======================================================================
  Ticker:            XRP
  Estrategia:        hawkes
  Período:           2018-05-04 08:00:00 - 2026-01-25 04:00:00
  Velas:             67,661
  Permutaciones:     1000
  Best Parameters:   [0.125, 169]
  Real PF:           1.0362
  P-Value:           0.0660
  NO significativo (p >= 0.05)
======================================================================

Generando gráficos...
  Histograma: /mnt/netapp2/Home_FT2/home/ulc/cursos/curso396/Trading-system/outputs/backtest/figures/hawkes/XRP_insample_mcpt.png
  Generando gráfico de cumulative returns...
  Cumulative: /mnt/netapp2/Home_FT2/home/ulc/cursos/curso396/Trading-system/outputs/backtest/figures/hawkes/XRP_insample_cumulative.png

======================================================================
ANÁLISIS COMPLETADO
======================================================================
  Tiempo total: 85.4s
  Velocidad:    11.7 tareas/s

======================================================================
MCPT IN-SAMPLE ANALYSIS
======================================================================

Estrategia cargada: hawkes

Cargando datos de ADA...
  Rango disponible: 17/04/2018 - 25/01/2026
  Datos cargados: 68,073 velas
  Desde: 2018-04-17 04:00:00
  Hasta: 2026-01-25 04:00:00

Configuración:
  Workers:       64
  Permutaciones: 1000
======================================================================

Ejecutando optimización in-sample...
  Best Parameters: [0.125, 120]
  Best PF:         1.0203
======================================================================

Ejecutando MCPT con 1000 permutaciones...
  Resultados guardados: /mnt/netapp2/Home_FT2/home/ulc/cursos/curso396/Trading-system/outputs/backtest/results/hawkes/ADA_insample_results.json

======================================================================
RESUMEN MCPT IN-SAMPLE
======================================================================
  Ticker:            ADA
  Estrategia:        hawkes
  Período:           2018-04-17 04:00:00 - 2026-01-25 04:00:00
  Velas:             68,073
  Permutaciones:     1000
  Best Parameters:   [0.125, 120]
  Real PF:           1.0203
  P-Value:           0.2300
  NO significativo (p >= 0.05)
======================================================================

Generando gráficos...
  Histograma: /mnt/netapp2/Home_FT2/home/ulc/cursos/curso396/Trading-system/outputs/backtest/figures/hawkes/ADA_insample_mcpt.png
  Generando gráfico de cumulative returns...
  Cumulative: /mnt/netapp2/Home_FT2/home/ulc/cursos/curso396/Trading-system/outputs/backtest/figures/hawkes/ADA_insample_cumulative.png

======================================================================
ANÁLISIS COMPLETADO
======================================================================
  Tiempo total: 84.0s
  Velocidad:    11.9 tareas/s

======================================================================
MCPT IN-SAMPLE ANALYSIS
======================================================================

Estrategia cargada: hawkes

Cargando datos de DOGE...
  Rango disponible: 05/07/2019 - 25/01/2026
  Datos cargados: 57,453 velas
  Desde: 2019-07-05 12:00:00
  Hasta: 2026-01-25 04:00:00

Configuración:
  Workers:       64
  Permutaciones: 1000
======================================================================

Ejecutando optimización in-sample...
  Best Parameters: [0.125, 144]
  Best PF:         1.0434
======================================================================

Ejecutando MCPT con 1000 permutaciones...
  Resultados guardados: /mnt/netapp2/Home_FT2/home/ulc/cursos/curso396/Trading-system/outputs/backtest/results/hawkes/DOGE_insample_results.json

======================================================================
RESUMEN MCPT IN-SAMPLE
======================================================================
  Ticker:            DOGE
  Estrategia:        hawkes
  Período:           2019-07-05 12:00:00 - 2026-01-25 04:00:00
  Velas:             57,453
  Permutaciones:     1000
  Best Parameters:   [0.125, 144]
  Real PF:           1.0434
  P-Value:           0.0580
  NO significativo (p >= 0.05)
======================================================================

Generando gráficos...
  Histograma: /mnt/netapp2/Home_FT2/home/ulc/cursos/curso396/Trading-system/outputs/backtest/figures/hawkes/DOGE_insample_mcpt.png
  Generando gráfico de cumulative returns...
  Cumulative: /mnt/netapp2/Home_FT2/home/ulc/cursos/curso396/Trading-system/outputs/backtest/figures/hawkes/DOGE_insample_cumulative.png

======================================================================
ANÁLISIS COMPLETADO
======================================================================
  Tiempo total: 73.0s
  Velocidad:    13.7 tareas/s

======================================================================
MCPT IN-SAMPLE ANALYSIS
======================================================================

Estrategia cargada: hawkes

Cargando datos de TRX...
  Rango disponible: 11/06/2018 - 25/01/2026
  Datos cargados: 66,746 velas
  Desde: 2018-06-11 11:00:00
  Hasta: 2026-01-25 04:00:00

Configuración:
  Workers:       64
  Permutaciones: 1000
======================================================================

Ejecutando optimización in-sample...
  Best Parameters: [0.125, 96]
  Best PF:         1.0294
======================================================================

Ejecutando MCPT con 1000 permutaciones...
  Resultados guardados: /mnt/netapp2/Home_FT2/home/ulc/cursos/curso396/Trading-system/outputs/backtest/results/hawkes/TRX_insample_results.json

======================================================================
RESUMEN MCPT IN-SAMPLE
======================================================================
  Ticker:            TRX
  Estrategia:        hawkes
  Período:           2018-06-11 11:00:00 - 2026-01-25 04:00:00
  Velas:             66,746
  Permutaciones:     1000
  Best Parameters:   [0.125, 96]
  Real PF:           1.0294
  P-Value:           0.1450
  NO significativo (p >= 0.05)
======================================================================

Generando gráficos...
  Histograma: /mnt/netapp2/Home_FT2/home/ulc/cursos/curso396/Trading-system/outputs/backtest/figures/hawkes/TRX_insample_mcpt.png
  Generando gráfico de cumulative returns...
  Cumulative: /mnt/netapp2/Home_FT2/home/ulc/cursos/curso396/Trading-system/outputs/backtest/figures/hawkes/TRX_insample_cumulative.png

======================================================================
ANÁLISIS COMPLETADO
======================================================================
  Tiempo total: 82.3s
  Velocidad:    12.1 tareas/s

======================================================================
MCPT IN-SAMPLE ANALYSIS
======================================================================

Estrategia cargada: hawkes

Cargando datos de AVAX...
  Rango disponible: 22/09/2020 - 25/01/2026
  Datos cargados: 46,803 velas
  Desde: 2020-09-22 06:00:00
  Hasta: 2026-01-25 04:00:00

Configuración:
  Workers:       64
  Permutaciones: 1000
======================================================================

Ejecutando optimización in-sample...
  Best Parameters: [0.125, 169]
  Best PF:         1.0508
======================================================================

Ejecutando MCPT con 1000 permutaciones...
  Resultados guardados: /mnt/netapp2/Home_FT2/home/ulc/cursos/curso396/Trading-system/outputs/backtest/results/hawkes/AVAX_insample_results.json

======================================================================
RESUMEN MCPT IN-SAMPLE
======================================================================
  Ticker:            AVAX
  Estrategia:        hawkes
  Período:           2020-09-22 06:00:00 - 2026-01-25 04:00:00
  Velas:             46,803
  Permutaciones:     1000
  Best Parameters:   [0.125, 169]
  Real PF:           1.0508
  P-Value:           0.0240
  Significativo (p < 0.05)
======================================================================

Generando gráficos...
  Histograma: /mnt/netapp2/Home_FT2/home/ulc/cursos/curso396/Trading-system/outputs/backtest/figures/hawkes/AVAX_insample_mcpt.png
  Generando gráfico de cumulative returns...
  Cumulative: /mnt/netapp2/Home_FT2/home/ulc/cursos/curso396/Trading-system/outputs/backtest/figures/hawkes/AVAX_insample_cumulative.png

======================================================================
ANÁLISIS COMPLETADO
======================================================================
  Tiempo total: 58.8s
  Velocidad:    17.0 tareas/s

======================================================================
MCPT IN-SAMPLE ANALYSIS
======================================================================

Estrategia cargada: hawkes

Cargando datos de DOT...
  Rango disponible: 18/08/2020 - 25/01/2026
  Datos cargados: 47,626 velas
  Desde: 2020-08-18 23:00:00
  Hasta: 2026-01-25 04:00:00

Configuración:
  Workers:       64
  Permutaciones: 1000
======================================================================

Ejecutando optimización in-sample...
  Best Parameters: [0.125, 168]
  Best PF:         1.0162
======================================================================

Ejecutando MCPT con 1000 permutaciones...
  Resultados guardados: /mnt/netapp2/Home_FT2/home/ulc/cursos/curso396/Trading-system/outputs/backtest/results/hawkes/DOT_insample_results.json

======================================================================
RESUMEN MCPT IN-SAMPLE
======================================================================
  Ticker:            DOT
  Estrategia:        hawkes
  Período:           2020-08-18 23:00:00 - 2026-01-25 04:00:00
  Velas:             47,626
  Permutaciones:     1000
  Best Parameters:   [0.125, 168]
  Real PF:           1.0162
  P-Value:           0.4380
  NO significativo (p >= 0.05)
======================================================================

Generando gráficos...
  Histograma: /mnt/netapp2/Home_FT2/home/ulc/cursos/curso396/Trading-system/outputs/backtest/figures/hawkes/DOT_insample_mcpt.png
  Generando gráfico de cumulative returns...
  Cumulative: /mnt/netapp2/Home_FT2/home/ulc/cursos/curso396/Trading-system/outputs/backtest/figures/hawkes/DOT_insample_cumulative.png

======================================================================
ANÁLISIS COMPLETADO
======================================================================
  Tiempo total: 60.7s
  Velocidad:    16.5 tareas/s

======================================================================
CESGA BATCH IN-SAMPLE
======================================================================
Tickers: 10
Estrategia: hawkes
Permutaciones: 1000
Workers: 64
======================================================================


[1/10] BTC

[2/10] ETH

[3/10] BNB

[4/10] SOL

[5/10] XRP

[6/10] ADA

[7/10] DOGE

[8/10] TRX

[9/10] AVAX

[10/10] DOT

======================================================================
COMPLETADO en 0:15:17.034983
Exitosos: 10, Fallidos: 0
======================================================================

==============================================
Job completado: Sun Jan 25 10:20:50 PM CET 2026
==============================================

*****************************************************************************
*                                                                           *
*                    JOB EFFICIENCY REPORT (seff 4818913)                   *
*                                                                           *
*****************************************************************************

Job ID: 4818913
Cluster: finisterrae3
User/Group: curso396/ulc
State: COMPLETED (exit code 0)
Nodes: 1
Cores per node: 64
CPU Utilized: 13:19:52
CPU Efficiency: 80.63% of 16:32:00 core-walltime
Job Wall-clock time: 00:15:30
Memory Utilized: 1.78 GB
Memory Efficiency: 5.56% of 32.00 GB

 +++++++++++++++++++++++++++++++++++++++++++++++++++++++++++++++++++++++++++
 ++   Memory Efficiency is too small. Please review the requested memory. ++
 ++ It seems that you do not need that much memory so we recommend        ++
 ++ requesting less memory in other similar jobs.                         ++
 +++++++++++++++++++++++++++++++++++++++++++++++++++++++++++++++++++++++++++
 
*****************************************************************************

