slurmstepd: info: Setting TMPDIR to /scratch/4818914. Previous errors about TMPDIR can be discarded
Python: /mnt/netapp2/Store_uni/home/ulc/cursos/curso396/miniconda3/envs/trading_env/bin/python
Conda env: trading_env
✓ Dependencias disponibles
==============================================
SLURM Job: 4818914
Nodo: ilk-209
CPUs: 64
Memoria: 32768 MB
==============================================
Grupo: crypto_10
Estrategia: hawkes
Permutaciones: 200
Workers: 64
==============================================


======================================================================
MCPT WALK-FORWARD ANALYSIS
======================================================================

Estrategia cargada: hawkes

Cargando datos de BTC...
  Rango disponible: 17/08/2017 - 25/01/2026
  Auto-split 50/50:
    Train: 17/08/2017 - 08/11/2021
    Walk:  08/11/2021 - 25/01/2026
  Datos cargados: 73,865 velas
  Desde: 2017-08-17 04:00:00
  Hasta: 2026-01-25 04:00:00

Configuración:
  Workers:       64
  Permutaciones: 200
  Train window:  36,933 velas (4.2 años)
======================================================================

Ejecutando walk-forward real...
  Real PF: 0.9980
======================================================================

Ejecutando Walk-Forward MCPT con 200 permutaciones...
  Resultados guardados: /mnt/netapp2/Home_FT2/home/ulc/cursos/curso396/Trading-system/outputs/backtest/results/hawkes/BTC_walkforward_results.json

======================================================================
RESUMEN MCPT WALK-FORWARD
======================================================================
  Ticker:            BTC
  Estrategia:        hawkes
  Período total:     2017-08-17 04:00:00 - 2026-01-25 04:00:00
  Velas totales:     73,865
  Train window:      36,933 velas
  Permutaciones:     200
  Real PF:           0.9980
  P-Value:           0.5300
  NO significativo (p >= 0.05)
======================================================================

Generando gráficos...
  Histograma: /mnt/netapp2/Home_FT2/home/ulc/cursos/curso396/Trading-system/outputs/backtest/figures/hawkes/BTC_walkforward_mcpt.png
  Generando gráfico de cumulative returns...
  Cumulative: /mnt/netapp2/Home_FT2/home/ulc/cursos/curso396/Trading-system/outputs/backtest/figures/hawkes/BTC_walkforward_cumulative.png

======================================================================
ANÁLISIS COMPLETADO
======================================================================
  Tiempo total: 163.0s (2.7 min)
  Velocidad:    1.23 tareas/s

======================================================================
MCPT WALK-FORWARD ANALYSIS
======================================================================

Estrategia cargada: hawkes

Cargando datos de ETH...
  Rango disponible: 17/08/2017 - 25/01/2026
  Auto-split 50/50:
    Train: 17/08/2017 - 08/11/2021
    Walk:  08/11/2021 - 25/01/2026
  Datos cargados: 73,865 velas
  Desde: 2017-08-17 04:00:00
  Hasta: 2026-01-25 04:00:00

Configuración:
  Workers:       64
  Permutaciones: 200
  Train window:  36,933 velas (4.2 años)
======================================================================

Ejecutando walk-forward real...
  Real PF: 1.0258
======================================================================

Ejecutando Walk-Forward MCPT con 200 permutaciones...
  Resultados guardados: /mnt/netapp2/Home_FT2/home/ulc/cursos/curso396/Trading-system/outputs/backtest/results/hawkes/ETH_walkforward_results.json

======================================================================
RESUMEN MCPT WALK-FORWARD
======================================================================
  Ticker:            ETH
  Estrategia:        hawkes
  Período total:     2017-08-17 04:00:00 - 2026-01-25 04:00:00
  Velas totales:     73,865
  Train window:      36,933 velas
  Permutaciones:     200
  Real PF:           1.0258
  P-Value:           0.1750
  NO significativo (p >= 0.05)
======================================================================

Generando gráficos...
  Histograma: /mnt/netapp2/Home_FT2/home/ulc/cursos/curso396/Trading-system/outputs/backtest/figures/hawkes/ETH_walkforward_mcpt.png
  Generando gráfico de cumulative returns...
  Cumulative: /mnt/netapp2/Home_FT2/home/ulc/cursos/curso396/Trading-system/outputs/backtest/figures/hawkes/ETH_walkforward_cumulative.png

======================================================================
ANÁLISIS COMPLETADO
======================================================================
  Tiempo total: 161.5s (2.7 min)
  Velocidad:    1.24 tareas/s

======================================================================
MCPT WALK-FORWARD ANALYSIS
======================================================================

Estrategia cargada: hawkes

Cargando datos de BNB...
  Rango disponible: 06/11/2017 - 25/01/2026
  Auto-split 50/50:
    Train: 06/11/2017 - 18/12/2021
    Walk:  18/12/2021 - 25/01/2026
  Datos cargados: 71,928 velas
  Desde: 2017-11-06 03:00:00
  Hasta: 2026-01-25 04:00:00

Configuración:
  Workers:       64
  Permutaciones: 200
  Train window:  35,965 velas (4.1 años)
======================================================================

Ejecutando walk-forward real...
  Real PF: 1.0202
======================================================================

Ejecutando Walk-Forward MCPT con 200 permutaciones...
  Resultados guardados: /mnt/netapp2/Home_FT2/home/ulc/cursos/curso396/Trading-system/outputs/backtest/results/hawkes/BNB_walkforward_results.json

======================================================================
RESUMEN MCPT WALK-FORWARD
======================================================================
  Ticker:            BNB
  Estrategia:        hawkes
  Período total:     2017-11-06 03:00:00 - 2026-01-25 04:00:00
  Velas totales:     71,928
  Train window:      35,965 velas
  Permutaciones:     200
  Real PF:           1.0202
  P-Value:           0.1800
  NO significativo (p >= 0.05)
======================================================================

Generando gráficos...
  Histograma: /mnt/netapp2/Home_FT2/home/ulc/cursos/curso396/Trading-system/outputs/backtest/figures/hawkes/BNB_walkforward_mcpt.png
  Generando gráfico de cumulative returns...
  Cumulative: /mnt/netapp2/Home_FT2/home/ulc/cursos/curso396/Trading-system/outputs/backtest/figures/hawkes/BNB_walkforward_cumulative.png

======================================================================
ANÁLISIS COMPLETADO
======================================================================
  Tiempo total: 146.1s (2.4 min)
  Velocidad:    1.37 tareas/s

======================================================================
MCPT WALK-FORWARD ANALYSIS
======================================================================

Estrategia cargada: hawkes

Cargando datos de SOL...
  Rango disponible: 11/08/2020 - 25/01/2026
  Auto-split 50/50:
    Train: 11/08/2020 - 05/05/2023
    Walk:  05/05/2023 - 25/01/2026
  Datos cargados: 47,811 velas
  Desde: 2020-08-11 06:00:00
  Hasta: 2026-01-25 04:00:00

Configuración:
  Workers:       64
  Permutaciones: 200
  Train window:  23,906 velas (2.7 años)
======================================================================

Ejecutando walk-forward real...
  Real PF: 1.0035
======================================================================

Ejecutando Walk-Forward MCPT con 200 permutaciones...
  Resultados guardados: /mnt/netapp2/Home_FT2/home/ulc/cursos/curso396/Trading-system/outputs/backtest/results/hawkes/SOL_walkforward_results.json

======================================================================
RESUMEN MCPT WALK-FORWARD
======================================================================
  Ticker:            SOL
  Estrategia:        hawkes
  Período total:     2020-08-11 06:00:00 - 2026-01-25 04:00:00
  Velas totales:     47,811
  Train window:      23,906 velas
  Permutaciones:     200
  Real PF:           1.0035
  P-Value:           0.4550
  NO significativo (p >= 0.05)
======================================================================

Generando gráficos...
  Histograma: /mnt/netapp2/Home_FT2/home/ulc/cursos/curso396/Trading-system/outputs/backtest/figures/hawkes/SOL_walkforward_mcpt.png
  Generando gráfico de cumulative returns...
  Cumulative: /mnt/netapp2/Home_FT2/home/ulc/cursos/curso396/Trading-system/outputs/backtest/figures/hawkes/SOL_walkforward_cumulative.png

======================================================================
ANÁLISIS COMPLETADO
======================================================================
  Tiempo total: 106.3s (1.8 min)
  Velocidad:    1.88 tareas/s

======================================================================
MCPT WALK-FORWARD ANALYSIS
======================================================================

Estrategia cargada: hawkes

Cargando datos de XRP...
  Rango disponible: 04/05/2018 - 25/01/2026
  Auto-split 50/50:
    Train: 04/05/2018 - 17/03/2022
    Walk:  17/03/2022 - 25/01/2026
  Datos cargados: 67,661 velas
  Desde: 2018-05-04 08:00:00
  Hasta: 2026-01-25 04:00:00

Configuración:
  Workers:       64
  Permutaciones: 200
  Train window:  33,831 velas (3.9 años)
======================================================================

Ejecutando walk-forward real...
  Real PF: 0.9814
======================================================================

Ejecutando Walk-Forward MCPT con 200 permutaciones...
  Resultados guardados: /mnt/netapp2/Home_FT2/home/ulc/cursos/curso396/Trading-system/outputs/backtest/results/hawkes/XRP_walkforward_results.json

======================================================================
RESUMEN MCPT WALK-FORWARD
======================================================================
  Ticker:            XRP
  Estrategia:        hawkes
  Período total:     2018-05-04 08:00:00 - 2026-01-25 04:00:00
  Velas totales:     67,661
  Train window:      33,831 velas
  Permutaciones:     200
  Real PF:           0.9814
  P-Value:           0.7750
  NO significativo (p >= 0.05)
======================================================================

Generando gráficos...
  Histograma: /mnt/netapp2/Home_FT2/home/ulc/cursos/curso396/Trading-system/outputs/backtest/figures/hawkes/XRP_walkforward_mcpt.png
  Generando gráfico de cumulative returns...
  Cumulative: /mnt/netapp2/Home_FT2/home/ulc/cursos/curso396/Trading-system/outputs/backtest/figures/hawkes/XRP_walkforward_cumulative.png

======================================================================
ANÁLISIS COMPLETADO
======================================================================
  Tiempo total: 148.0s (2.5 min)
  Velocidad:    1.35 tareas/s

======================================================================
MCPT WALK-FORWARD ANALYSIS
======================================================================

Estrategia cargada: hawkes

Cargando datos de ADA...
  Rango disponible: 17/04/2018 - 25/01/2026
  Auto-split 50/50:
    Train: 17/04/2018 - 08/03/2022
    Walk:  09/03/2022 - 25/01/2026
  Datos cargados: 68,073 velas
  Desde: 2018-04-17 04:00:00
  Hasta: 2026-01-25 04:00:00

Configuración:
  Workers:       64
  Permutaciones: 200
  Train window:  34,037 velas (3.9 años)
======================================================================

Ejecutando walk-forward real...
  Real PF: 1.0079
======================================================================

Ejecutando Walk-Forward MCPT con 200 permutaciones...
  Resultados guardados: /mnt/netapp2/Home_FT2/home/ulc/cursos/curso396/Trading-system/outputs/backtest/results/hawkes/ADA_walkforward_results.json

======================================================================
RESUMEN MCPT WALK-FORWARD
======================================================================
  Ticker:            ADA
  Estrategia:        hawkes
  Período total:     2018-04-17 04:00:00 - 2026-01-25 04:00:00
  Velas totales:     68,073
  Train window:      34,037 velas
  Permutaciones:     200
  Real PF:           1.0079
  P-Value:           0.4000
  NO significativo (p >= 0.05)
======================================================================

Generando gráficos...
  Histograma: /mnt/netapp2/Home_FT2/home/ulc/cursos/curso396/Trading-system/outputs/backtest/figures/hawkes/ADA_walkforward_mcpt.png
  Generando gráfico de cumulative returns...
  Cumulative: /mnt/netapp2/Home_FT2/home/ulc/cursos/curso396/Trading-system/outputs/backtest/figures/hawkes/ADA_walkforward_cumulative.png

======================================================================
ANÁLISIS COMPLETADO
======================================================================
  Tiempo total: 150.9s (2.5 min)
  Velocidad:    1.33 tareas/s

======================================================================
MCPT WALK-FORWARD ANALYSIS
======================================================================

Estrategia cargada: hawkes

Cargando datos de DOGE...
  Rango disponible: 05/07/2019 - 25/01/2026
  Auto-split 50/50:
    Train: 05/07/2019 - 16/10/2022
    Walk:  16/10/2022 - 25/01/2026
  Datos cargados: 57,453 velas
  Desde: 2019-07-05 12:00:00
  Hasta: 2026-01-25 04:00:00

Configuración:
  Workers:       64
  Permutaciones: 200
  Train window:  28,727 velas (3.3 años)
======================================================================

Ejecutando walk-forward real...
  Real PF: 1.0113
======================================================================

Ejecutando Walk-Forward MCPT con 200 permutaciones...
  Resultados guardados: /mnt/netapp2/Home_FT2/home/ulc/cursos/curso396/Trading-system/outputs/backtest/results/hawkes/DOGE_walkforward_results.json

======================================================================
RESUMEN MCPT WALK-FORWARD
======================================================================
  Ticker:            DOGE
  Estrategia:        hawkes
  Período total:     2019-07-05 12:00:00 - 2026-01-25 04:00:00
  Velas totales:     57,453
  Train window:      28,727 velas
  Permutaciones:     200
  Real PF:           1.0113
  P-Value:           0.2750
  NO significativo (p >= 0.05)
======================================================================

Generando gráficos...
  Histograma: /mnt/netapp2/Home_FT2/home/ulc/cursos/curso396/Trading-system/outputs/backtest/figures/hawkes/DOGE_walkforward_mcpt.png
  Generando gráfico de cumulative returns...
  Cumulative: /mnt/netapp2/Home_FT2/home/ulc/cursos/curso396/Trading-system/outputs/backtest/figures/hawkes/DOGE_walkforward_cumulative.png

======================================================================
ANÁLISIS COMPLETADO
======================================================================
  Tiempo total: 125.6s (2.1 min)
  Velocidad:    1.59 tareas/s

======================================================================
MCPT WALK-FORWARD ANALYSIS
======================================================================

Estrategia cargada: hawkes

Cargando datos de TRX...
  Rango disponible: 11/06/2018 - 25/01/2026
  Auto-split 50/50:
    Train: 11/06/2018 - 05/04/2022
    Walk:  05/04/2022 - 25/01/2026
  Datos cargados: 66,746 velas
  Desde: 2018-06-11 11:00:00
  Hasta: 2026-01-25 04:00:00

Configuración:
  Workers:       64
  Permutaciones: 200
  Train window:  33,374 velas (3.8 años)
======================================================================

Ejecutando walk-forward real...
  Real PF: 1.0197
======================================================================

Ejecutando Walk-Forward MCPT con 200 permutaciones...
  Resultados guardados: /mnt/netapp2/Home_FT2/home/ulc/cursos/curso396/Trading-system/outputs/backtest/results/hawkes/TRX_walkforward_results.json

======================================================================
RESUMEN MCPT WALK-FORWARD
======================================================================
  Ticker:            TRX
  Estrategia:        hawkes
  Período total:     2018-06-11 11:00:00 - 2026-01-25 04:00:00
  Velas totales:     66,746
  Train window:      33,374 velas
  Permutaciones:     200
  Real PF:           1.0197
  P-Value:           0.2250
  NO significativo (p >= 0.05)
======================================================================

Generando gráficos...
  Histograma: /mnt/netapp2/Home_FT2/home/ulc/cursos/curso396/Trading-system/outputs/backtest/figures/hawkes/TRX_walkforward_mcpt.png
  Generando gráfico de cumulative returns...
  Cumulative: /mnt/netapp2/Home_FT2/home/ulc/cursos/curso396/Trading-system/outputs/backtest/figures/hawkes/TRX_walkforward_cumulative.png

======================================================================
ANÁLISIS COMPLETADO
======================================================================
  Tiempo total: 135.3s (2.3 min)
  Velocidad:    1.48 tareas/s

======================================================================
MCPT WALK-FORWARD ANALYSIS
======================================================================

Estrategia cargada: hawkes

Cargando datos de AVAX...
  Rango disponible: 22/09/2020 - 25/01/2026
  Auto-split 50/50:
    Train: 22/09/2020 - 26/05/2023
    Walk:  26/05/2023 - 25/01/2026
  Datos cargados: 46,803 velas
  Desde: 2020-09-22 06:00:00
  Hasta: 2026-01-25 04:00:00

Configuración:
  Workers:       64
  Permutaciones: 200
  Train window:  23,402 velas (2.7 años)
======================================================================

Ejecutando walk-forward real...
  Real PF: 0.9962
======================================================================

Ejecutando Walk-Forward MCPT con 200 permutaciones...
  Resultados guardados: /mnt/netapp2/Home_FT2/home/ulc/cursos/curso396/Trading-system/outputs/backtest/results/hawkes/AVAX_walkforward_results.json

======================================================================
RESUMEN MCPT WALK-FORWARD
======================================================================
  Ticker:            AVAX
  Estrategia:        hawkes
  Período total:     2020-09-22 06:00:00 - 2026-01-25 04:00:00
  Velas totales:     46,803
  Train window:      23,402 velas
  Permutaciones:     200
  Real PF:           0.9962
  P-Value:           0.5550
  NO significativo (p >= 0.05)
======================================================================

Generando gráficos...
  Histograma: /mnt/netapp2/Home_FT2/home/ulc/cursos/curso396/Trading-system/outputs/backtest/figures/hawkes/AVAX_walkforward_mcpt.png
  Generando gráfico de cumulative returns...
  Cumulative: /mnt/netapp2/Home_FT2/home/ulc/cursos/curso396/Trading-system/outputs/backtest/figures/hawkes/AVAX_walkforward_cumulative.png

======================================================================
ANÁLISIS COMPLETADO
======================================================================
  Tiempo total: 103.0s (1.7 min)
  Velocidad:    1.94 tareas/s

======================================================================
MCPT WALK-FORWARD ANALYSIS
======================================================================

Estrategia cargada: hawkes

Cargando datos de DOT...
  Rango disponible: 18/08/2020 - 25/01/2026
  Auto-split 50/50:
    Train: 18/08/2020 - 09/05/2023
    Walk:  09/05/2023 - 25/01/2026
  Datos cargados: 47,626 velas
  Desde: 2020-08-18 23:00:00
  Hasta: 2026-01-25 04:00:00

Configuración:
  Workers:       64
  Permutaciones: 200
  Train window:  23,814 velas (2.7 años)
======================================================================

Ejecutando walk-forward real...
  Real PF: 0.9847
======================================================================

Ejecutando Walk-Forward MCPT con 200 permutaciones...
  Resultados guardados: /mnt/netapp2/Home_FT2/home/ulc/cursos/curso396/Trading-system/outputs/backtest/results/hawkes/DOT_walkforward_results.json

======================================================================
RESUMEN MCPT WALK-FORWARD
======================================================================
  Ticker:            DOT
  Estrategia:        hawkes
  Período total:     2020-08-18 23:00:00 - 2026-01-25 04:00:00
  Velas totales:     47,626
  Train window:      23,814 velas
  Permutaciones:     200
  Real PF:           0.9847
  P-Value:           0.7400
  NO significativo (p >= 0.05)
======================================================================

Generando gráficos...
  Histograma: /mnt/netapp2/Home_FT2/home/ulc/cursos/curso396/Trading-system/outputs/backtest/figures/hawkes/DOT_walkforward_mcpt.png
  Generando gráfico de cumulative returns...
  Cumulative: /mnt/netapp2/Home_FT2/home/ulc/cursos/curso396/Trading-system/outputs/backtest/figures/hawkes/DOT_walkforward_cumulative.png

======================================================================
ANÁLISIS COMPLETADO
======================================================================
  Tiempo total: 105.7s (1.8 min)
  Velocidad:    1.89 tareas/s

======================================================================
CESGA BATCH WALK-FORWARD
======================================================================
Tickers: 10
Estrategia: hawkes
Permutaciones: 200
Workers: 64
======================================================================


[1/10] BTC

[2/10] ETH

[3/10] BNB

[4/10] SOL

[5/10] XRP

[6/10] ADA

[7/10] DOGE

[8/10] TRX

[9/10] AVAX

[10/10] DOT

======================================================================
COMPLETADO en 0:28:28.325536
Exitosos: 10, Fallidos: 0
======================================================================

==============================================
Job completado: Sun Jan 25 10:34:01 PM CET 2026
==============================================

*****************************************************************************
*                                                                           *
*                    JOB EFFICIENCY REPORT (seff 4818914)                   *
*                                                                           *
*****************************************************************************

Job ID: 4818914
Cluster: finisterrae3
User/Group: curso396/ulc
State: COMPLETED (exit code 0)
Nodes: 1
Cores per node: 64
CPU Utilized: 19:21:45
CPU Efficiency: 63.29% of 1-06:35:44 core-walltime
Job Wall-clock time: 00:28:41
Memory Utilized: 1.77 GB
Memory Efficiency: 5.53% of 32.00 GB

 +++++++++++++++++++++++++++++++++++++++++++++++++++++++++++++++++++++++++++
 ++   Memory Efficiency is too small. Please review the requested memory. ++
 ++ It seems that you do not need that much memory so we recommend        ++
 ++ requesting less memory in other similar jobs.                         ++
 +++++++++++++++++++++++++++++++++++++++++++++++++++++++++++++++++++++++++++
 
*****************************************************************************

