slurmstepd: info: Setting TMPDIR to /scratch/4850062. Previous errors about TMPDIR can be discarded
Python: /mnt/netapp2/Store_uni/home/ulc/cursos/curso396/miniconda3/envs/trading_env/bin/python
Conda env: trading_env
✓ Dependencias disponibles
==============================================
SLURM Job: 4850062
Nodo: ilk-116
CPUs: 64
Memoria: 32768 MB
==============================================
Grupo: crypto_10
Estrategia: hawkes
Permutaciones: 200
Workers: 64
==============================================


======================================================================
MCPT WALK-FORWARD ANALYSIS
======================================================================

Estrategia cargada: hawkes

Cargando datos de BTC...
  Rango disponible: 17/08/2017 - 25/01/2026
  Auto-split 50/50:
    Train: 17/08/2017 - 08/11/2021
    Walk:  08/11/2021 - 25/01/2026
  Datos cargados: 73,865 velas
  Desde: 2017-08-17 04:00:00
  Hasta: 2026-01-25 04:00:00

Configuración:
  Workers:       64
  Permutaciones: 200
  Train window:  36,933 velas (4.2 años)
======================================================================

Ejecutando walk-forward real...
  Real PF: 0.9980
======================================================================

Ejecutando Walk-Forward MCPT con 200 permutaciones...

Calculando estadísticas completas...
  Resultados guardados: /mnt/netapp2/Home_FT2/home/ulc/cursos/curso396/Trading-system/outputs/backtest/hawkes/BTC/results/BTC_walkforward_results.json

======================================================================
RESUMEN MCPT WALK-FORWARD
======================================================================
  Ticker:            BTC
  Estrategia:        hawkes
  Período total:     2017-08-17 04:00:00 - 2026-01-25 04:00:00
  Velas totales:     73,865
  Train window:      36,933 velas
  Permutaciones:     200
  Real PF:           0.9980
  P-Value:           0.5300
  NO significativo (p >= 0.05)

----------------------------------------------------------------------
ESTADÍSTICAS CLAVE (Walk-Forward)
----------------------------------------------------------------------
  Total Return:      -6.70%
  CAGR:              -0.82%
  Max Drawdown:      -56.43%
  Max DD Duration:   25,242 bars
  Sharpe Ratio:      -0.0416
  Sortino Ratio:     -0.0374
  SQN:               -0.1207
  N Trades:          37131
  Win Rate:          0.25%
======================================================================

Generando gráficos...
  Cumulative: /mnt/netapp2/Home_FT2/home/ulc/cursos/curso396/Trading-system/outputs/backtest/hawkes/BTC/figures/BTC_walkforward_cumulative.png
  MCPT Histogram: /mnt/netapp2/Home_FT2/home/ulc/cursos/curso396/Trading-system/outputs/backtest/hawkes/BTC/figures/BTC_walkforward_mcpt.png

======================================================================
ANÁLISIS COMPLETADO
======================================================================
  Tiempo total: 160.2s (2.7 min)
  Velocidad:    1.25 tareas/s

======================================================================
MCPT WALK-FORWARD ANALYSIS
======================================================================

Estrategia cargada: hawkes

Cargando datos de ETH...
  Rango disponible: 17/08/2017 - 25/01/2026
  Auto-split 50/50:
    Train: 17/08/2017 - 08/11/2021
    Walk:  08/11/2021 - 25/01/2026
  Datos cargados: 73,865 velas
  Desde: 2017-08-17 04:00:00
  Hasta: 2026-01-25 04:00:00

Configuración:
  Workers:       64
  Permutaciones: 200
  Train window:  36,933 velas (4.2 años)
======================================================================

Ejecutando walk-forward real...
  Real PF: 1.0258
======================================================================

Ejecutando Walk-Forward MCPT con 200 permutaciones...

Calculando estadísticas completas...
  Resultados guardados: /mnt/netapp2/Home_FT2/home/ulc/cursos/curso396/Trading-system/outputs/backtest/hawkes/ETH/results/ETH_walkforward_results.json

======================================================================
RESUMEN MCPT WALK-FORWARD
======================================================================
  Ticker:            ETH
  Estrategia:        hawkes
  Período total:     2017-08-17 04:00:00 - 2026-01-25 04:00:00
  Velas totales:     73,865
  Train window:      36,933 velas
  Permutaciones:     200
  Real PF:           1.0258
  P-Value:           0.1750
  NO significativo (p >= 0.05)

----------------------------------------------------------------------
ESTADÍSTICAS CLAVE (Walk-Forward)
----------------------------------------------------------------------
  Total Return:      237.81%
  CAGR:              15.53%
  Max Drawdown:      -79.21%
  Max DD Duration:   10,533 bars
  Sharpe Ratio:      0.5386
  Sortino Ratio:     0.5081
  SQN:               1.5641
  N Trades:          37150
  Win Rate:          0.30%
======================================================================

Generando gráficos...
  Cumulative: /mnt/netapp2/Home_FT2/home/ulc/cursos/curso396/Trading-system/outputs/backtest/hawkes/ETH/figures/ETH_walkforward_cumulative.png
  MCPT Histogram: /mnt/netapp2/Home_FT2/home/ulc/cursos/curso396/Trading-system/outputs/backtest/hawkes/ETH/figures/ETH_walkforward_mcpt.png

======================================================================
ANÁLISIS COMPLETADO
======================================================================
  Tiempo total: 159.8s (2.7 min)
  Velocidad:    1.25 tareas/s

======================================================================
MCPT WALK-FORWARD ANALYSIS
======================================================================

Estrategia cargada: hawkes

Cargando datos de BNB...
  Rango disponible: 06/11/2017 - 25/01/2026
  Auto-split 50/50:
    Train: 06/11/2017 - 18/12/2021
    Walk:  18/12/2021 - 25/01/2026
  Datos cargados: 71,928 velas
  Desde: 2017-11-06 03:00:00
  Hasta: 2026-01-25 04:00:00

Configuración:
  Workers:       64
  Permutaciones: 200
  Train window:  35,965 velas (4.1 años)
======================================================================

Ejecutando walk-forward real...
  Real PF: 1.0202
======================================================================

Ejecutando Walk-Forward MCPT con 200 permutaciones...

Calculando estadísticas completas...
  Resultados guardados: /mnt/netapp2/Home_FT2/home/ulc/cursos/curso396/Trading-system/outputs/backtest/hawkes/BNB/results/BNB_walkforward_results.json

======================================================================
RESUMEN MCPT WALK-FORWARD
======================================================================
  Ticker:            BNB
  Estrategia:        hawkes
  Período total:     2017-11-06 03:00:00 - 2026-01-25 04:00:00
  Velas totales:     71,928
  Train window:      35,965 velas
  Permutaciones:     200
  Real PF:           1.0202
  P-Value:           0.1800
  NO significativo (p >= 0.05)

----------------------------------------------------------------------
ESTADÍSTICAS CLAVE (Walk-Forward)
----------------------------------------------------------------------
  Total Return:      134.27%
  CAGR:              10.92%
  Max Drawdown:      -59.65%
  Max DD Duration:   12,905 bars
  Sharpe Ratio:      0.4222
  Sortino Ratio:     0.3981
  SQN:               1.2099
  N Trades:          36160
  Win Rate:          0.24%
======================================================================

Generando gráficos...
  Cumulative: /mnt/netapp2/Home_FT2/home/ulc/cursos/curso396/Trading-system/outputs/backtest/hawkes/BNB/figures/BNB_walkforward_cumulative.png
  MCPT Histogram: /mnt/netapp2/Home_FT2/home/ulc/cursos/curso396/Trading-system/outputs/backtest/hawkes/BNB/figures/BNB_walkforward_mcpt.png

======================================================================
ANÁLISIS COMPLETADO
======================================================================
  Tiempo total: 143.9s (2.4 min)
  Velocidad:    1.39 tareas/s

======================================================================
MCPT WALK-FORWARD ANALYSIS
======================================================================

Estrategia cargada: hawkes

Cargando datos de SOL...
  Rango disponible: 11/08/2020 - 25/01/2026
  Auto-split 50/50:
    Train: 11/08/2020 - 05/05/2023
    Walk:  05/05/2023 - 25/01/2026
  Datos cargados: 47,811 velas
  Desde: 2020-08-11 06:00:00
  Hasta: 2026-01-25 04:00:00

Configuración:
  Workers:       64
  Permutaciones: 200
  Train window:  23,906 velas (2.7 años)
======================================================================

Ejecutando walk-forward real...
  Real PF: 1.0035
======================================================================

Ejecutando Walk-Forward MCPT con 200 permutaciones...

Calculando estadísticas completas...
  Resultados guardados: /mnt/netapp2/Home_FT2/home/ulc/cursos/curso396/Trading-system/outputs/backtest/hawkes/SOL/results/SOL_walkforward_results.json

======================================================================
RESUMEN MCPT WALK-FORWARD
======================================================================
  Ticker:            SOL
  Estrategia:        hawkes
  Período total:     2020-08-11 06:00:00 - 2026-01-25 04:00:00
  Velas totales:     47,811
  Train window:      23,906 velas
  Permutaciones:     200
  Real PF:           1.0035
  P-Value:           0.4550
  NO significativo (p >= 0.05)

----------------------------------------------------------------------
ESTADÍSTICAS CLAVE (Walk-Forward)
----------------------------------------------------------------------
  Total Return:      17.42%
  CAGR:              2.99%
  Max Drawdown:      -76.04%
  Max DD Duration:   12,905 bars
  Sharpe Ratio:      0.0810
  Sortino Ratio:     0.0808
  SQN:               0.1893
  N Trades:          24007
  Win Rate:          0.23%
======================================================================

Generando gráficos...
  Cumulative: /mnt/netapp2/Home_FT2/home/ulc/cursos/curso396/Trading-system/outputs/backtest/hawkes/SOL/figures/SOL_walkforward_cumulative.png
  MCPT Histogram: /mnt/netapp2/Home_FT2/home/ulc/cursos/curso396/Trading-system/outputs/backtest/hawkes/SOL/figures/SOL_walkforward_mcpt.png

======================================================================
ANÁLISIS COMPLETADO
======================================================================
  Tiempo total: 105.0s (1.8 min)
  Velocidad:    1.90 tareas/s

======================================================================
MCPT WALK-FORWARD ANALYSIS
======================================================================

Estrategia cargada: hawkes

Cargando datos de XRP...
  Rango disponible: 04/05/2018 - 25/01/2026
  Auto-split 50/50:
    Train: 04/05/2018 - 17/03/2022
    Walk:  17/03/2022 - 25/01/2026
  Datos cargados: 67,661 velas
  Desde: 2018-05-04 08:00:00
  Hasta: 2026-01-25 04:00:00

Configuración:
  Workers:       64
  Permutaciones: 200
  Train window:  33,831 velas (3.9 años)
======================================================================

Ejecutando walk-forward real...
  Real PF: 0.9814
======================================================================

Ejecutando Walk-Forward MCPT con 200 permutaciones...

Calculando estadísticas completas...
  Resultados guardados: /mnt/netapp2/Home_FT2/home/ulc/cursos/curso396/Trading-system/outputs/backtest/hawkes/XRP/results/XRP_walkforward_results.json

======================================================================
RESUMEN MCPT WALK-FORWARD
======================================================================
  Ticker:            XRP
  Estrategia:        hawkes
  Período total:     2018-05-04 08:00:00 - 2026-01-25 04:00:00
  Velas totales:     67,661
  Train window:      33,831 velas
  Permutaciones:     200
  Real PF:           0.9814
  P-Value:           0.7750
  NO significativo (p >= 0.05)

----------------------------------------------------------------------
ESTADÍSTICAS CLAVE (Walk-Forward)
----------------------------------------------------------------------
  Total Return:      -61.74%
  CAGR:              -11.70%
  Max Drawdown:      -77.06%
  Max DD Duration:   32,495 bars
  Sharpe Ratio:      -0.3772
  Sortino Ratio:     -0.3474
  SQN:               -1.0484
  N Trades:          33961
  Win Rate:          0.15%
======================================================================

Generando gráficos...
  Cumulative: /mnt/netapp2/Home_FT2/home/ulc/cursos/curso396/Trading-system/outputs/backtest/hawkes/XRP/figures/XRP_walkforward_cumulative.png
  MCPT Histogram: /mnt/netapp2/Home_FT2/home/ulc/cursos/curso396/Trading-system/outputs/backtest/hawkes/XRP/figures/XRP_walkforward_mcpt.png

======================================================================
ANÁLISIS COMPLETADO
======================================================================
  Tiempo total: 145.1s (2.4 min)
  Velocidad:    1.38 tareas/s

======================================================================
BATCH WALK-FORWARD
======================================================================
Tickers: 10 | Strategy: hawkes | Perms: 200
======================================================================


[1/10] BTC

[2/10] ETH

[3/10] BNB

[4/10] SOL

[5/10] XRP

[6/10] ADA
  ERROR: Command '['/mnt/netapp2/Store_uni/home/ulc/cursos/curso396/miniconda3/envs/trading_env/bin/python', '/home/ulc/cursos/curso396/Trading-system/scripts/laptop/walkforward_permutation.py', '--ticker', 'ADA', '--strategy', 'hawkes', '--n-permutations', '200', '--n-workers', '64']' returned non-zero exit status 1.

[7/10] DOGE
  ERROR: Command '['/mnt/netapp2/Store_uni/home/ulc/cursos/curso396/miniconda3/envs/trading_env/bin/python', '/home/ulc/cursos/curso396/Trading-system/scripts/laptop/walkforward_permutation.py', '--ticker', 'DOGE', '--strategy', 'hawkes', '--n-permutations', '200', '--n-workers', '64']' returned non-zero exit status 1.

[8/10] TRX
  ERROR: Command '['/mnt/netapp2/Store_uni/home/ulc/cursos/curso396/miniconda3/envs/trading_env/bin/python', '/home/ulc/cursos/curso396/Trading-system/scripts/laptop/walkforward_permutation.py', '--ticker', 'TRX', '--strategy', 'hawkes', '--n-permutations', '200', '--n-workers', '64']' returned non-zero exit status 1.

[9/10] AVAX
  ERROR: Command '['/mnt/netapp2/Store_uni/home/ulc/cursos/curso396/miniconda3/envs/trading_env/bin/python', '/home/ulc/cursos/curso396/Trading-system/scripts/laptop/walkforward_permutation.py', '--ticker', 'AVAX', '--strategy', 'hawkes', '--n-permutations', '200', '--n-workers', '64']' returned non-zero exit status 1.

[10/10] DOT
  ERROR: Command '['/mnt/netapp2/Store_uni/home/ulc/cursos/curso396/miniconda3/envs/trading_env/bin/python', '/home/ulc/cursos/curso396/Trading-system/scripts/laptop/walkforward_permutation.py', '--ticker', 'DOT', '--strategy', 'hawkes', '--n-permutations', '200', '--n-workers', '64']' returned non-zero exit status 1.

======================================================================
AGREGATING RESULTS
======================================================================

Generating visualizations...
  Histograms: /mnt/netapp2/Home_FT2/home/ulc/cursos/curso396/Trading-system/outputs/backtest/hawkes/crypto_10_walkforward/figures/crypto_10_walkforward_histograms.png
  Summary: /mnt/netapp2/Home_FT2/home/ulc/cursos/curso396/Trading-system/outputs/backtest/hawkes/crypto_10_walkforward/figures/crypto_10_walkforward_summary.png

======================================================================
BATCH COMPLETED in 0:16:14.272162
======================================================================
Successful: 5/10 | Failed: 5
Significant: 0/5
P-Value: mean=0.4230
PF: mean=1.0058

==============================================
Job completado: Tue Jan 27 05:50:41 AM CET 2026
==============================================

*****************************************************************************
*                                                                           *
*                    JOB EFFICIENCY REPORT (seff 4850062)                   *
*                                                                           *
*****************************************************************************

Job ID: 4850062
Cluster: finisterrae3
User/Group: curso396/ulc
State: COMPLETED (exit code 0)
Nodes: 1
Cores per node: 64
CPU Utilized: 10:09:08
CPU Efficiency: 57.45% of 17:40:16 core-walltime
Job Wall-clock time: 00:16:34
Memory Utilized: 1.89 GB
Memory Efficiency: 5.91% of 32.00 GB

 +++++++++++++++++++++++++++++++++++++++++++++++++++++++++++++++++++++++++++
 ++   Memory Efficiency is too small. Please review the requested memory. ++
 ++ It seems that you do not need that much memory so we recommend        ++
 ++ requesting less memory in other similar jobs.                         ++
 +++++++++++++++++++++++++++++++++++++++++++++++++++++++++++++++++++++++++++
 
*****************************************************************************

