2026-01-25 04:44:35,004 - INFO - ================================================================================
2026-01-25 04:44:35,004 - INFO - Crypto Downloader Initialized
2026-01-25 04:44:35,004 - INFO - ================================================================================
2026-01-25 04:44:35,004 - INFO - Total tickers configurados: 100
2026-01-25 04:44:35,004 - INFO - Exchanges: ['kraken', 'binance']
2026-01-25 04:44:35,004 - INFO - Data dir kraken: /home/aherreros/Trading-system/data/raw/kraken
2026-01-25 04:44:35,005 - INFO - Data dir binance: /home/aherreros/Trading-system/data/raw/binance
2026-01-25 04:44:35,005 - INFO - Tickers disponibles en kraken: 98
2026-01-25 04:44:35,005 - INFO - Tickers disponibles en binance: 99
2026-01-25 04:44:35,005 - INFO - Descargando ticker especifico: BTC
2026-01-25 04:44:35,005 - INFO - 
================================================================================
2026-01-25 04:44:35,005 - INFO - DESCARGANDO: BTC
2026-01-25 04:44:35,005 - INFO - ================================================================================
2026-01-25 04:44:35,006 - INFO - Descargando BTC desde Kraken...
2026-01-25 04:44:35,006 - INFO -   Simbolo Kraken: XXBTZUSD
2026-01-25 04:44:35,007 - INFO -   Rango: 2013-10-01 a 2026-01-25
2026-01-25 04:44:36,451 - INFO -   Total: 721 velas descargadas de Kraken
2026-01-25 04:44:36,597 - INFO -     Guardado: BTC_2025.parquet (141 velas)
2026-01-25 04:44:36,609 - INFO -     Guardado: BTC_2026.parquet (580 velas)
2026-01-25 04:44:36,610 - INFO -   Total guardado: 2 anios, 721 velas
2026-01-25 04:44:36,610 - INFO -   KRAKEN: 721 velas descargadas
2026-01-25 04:44:36,610 - INFO - Descargando BTC desde Binance...
2026-01-25 04:44:36,611 - INFO -   Simbolo Binance: BTCUSDT
2026-01-25 04:44:36,611 - INFO -   Rango: 2017-07-14 a 2026-01-25
2026-01-25 04:45:24,201 - INFO -   50 requests, 50,000 velas...
2026-01-25 04:45:50,361 - INFO -   Total: 73,864 velas descargadas de Binance
2026-01-25 04:45:50,404 - INFO -     Guardado: BTC_2017.parquet (3,278 velas)
2026-01-25 04:45:50,424 - INFO -     Guardado: BTC_2018.parquet (8,698 velas)
2026-01-25 04:45:50,446 - INFO -     Guardado: BTC_2019.parquet (8,732 velas)
2026-01-25 04:45:50,471 - INFO -     Guardado: BTC_2020.parquet (8,766 velas)
2026-01-25 04:45:50,493 - INFO -     Guardado: BTC_2021.parquet (8,747 velas)
2026-01-25 04:45:50,515 - INFO -     Guardado: BTC_2022.parquet (8,760 velas)
2026-01-25 04:45:50,533 - INFO -     Guardado: BTC_2023.parquet (8,759 velas)
2026-01-25 04:45:50,551 - INFO -     Guardado: BTC_2024.parquet (8,784 velas)
2026-01-25 04:45:50,573 - INFO -     Guardado: BTC_2025.parquet (8,760 velas)
2026-01-25 04:45:50,589 - INFO -     Guardado: BTC_2026.parquet (580 velas)
2026-01-25 04:45:50,589 - INFO -   Total guardado: 10 anios, 73,864 velas
2026-01-25 04:45:50,589 - INFO -   BINANCE: 73,864 velas descargadas
